<?xml version="1.0" encoding="UTF-8"?>
<!-- Generated by org.testng.reporters.JUnitXMLReporter -->
<testsuite ignored="0" hostname="Apples-MacBook.local" failures="0" tests="6" name="Test" time="32.15" errors="0" timestamp="2022-06-25T16:32:17 IST">
  <testcase classname="com.test.pet.ApiTestCases.PetTests" name="addNewPet" time="16.91"/>
  <testcase classname="com.test.pet.ApiTestCases.UserAPITest" name="createListOfUser" time="3.245"/>
  <testcase classname="com.test.pet.ApiTestCases.UserAPITest" name="updateUserDetail" time="1.692"/>
  <testcase classname="com.test.pet.ApiTestCases.UserAPITest" name="getUserDetail" time="1.922"/>
  <testcase classname="com.test.pet.ApiTestCases.PetTests" name="updatePet" time="1.822"/>
  <testcase classname="com.test.pet.ApiTestCases.PetTests" name="getPetsByStatus" time="1.632"/>
</testsuite> <!-- Test -->
