<?xml version="1.0" encoding="UTF-8"?>
<!-- Generated by org.testng.reporters.JUnitXMLReporter -->
<testsuite ignored="0" hostname="Apples-MacBook.local" failures="0" tests="6" name="Test" time="15.622" errors="0" timestamp="2022-06-24T21:43:30 IST">
  <testcase classname="com.test.pet.ApiTestCases.PetTests" name="addNewPet" time="4.687"/>
  <testcase classname="com.test.pet.ApiTestCases.UserAPITest" name="createListOfUser" time="1.98"/>
  <testcase classname="com.test.pet.ApiTestCases.UserAPITest" name="updateUserDetail" time="1.756"/>
  <testcase classname="com.test.pet.ApiTestCases.UserAPITest" name="getUserDetail" time="2.062"/>
  <testcase classname="com.test.pet.ApiTestCases.PetTests" name="updatePet" time="2.091"/>
  <testcase classname="com.test.pet.ApiTestCases.PetTests" name="getPetsByStatus" time="2.037"/>
</testsuite> <!-- Test -->
